<?xml version="1.0" encoding="UTF-8"?>
<testsuite xmlns:xsi="http://www.w3.org/2001/XMLSchema-instance" xsi:noNamespaceSchemaLocation="https://maven.apache.org/surefire/maven-surefire-plugin/xsd/surefire-test-report-3.0.xsd" version="3.0" name="com.example.userregistration.UserRegistrationIntegrationTest" time="0.193" tests="3" errors="0" skipped="0" failures="0">
  <properties>
[...]
</properties>
  <testcase name="testPasswordHashing" classname="com.example.userregistration.UserRegistrationIntegrationTest" time="0.021"/>
  <testcase name="testCompleteRegistrationFlow" classname="com.example.userregistration.UserRegistrationIntegrationTest" time="0.159">
    <system-err><![CDATA[Nov 04, 2025 1:44:29 PM com.example.userregistration.UserRegistration logEvent
INFO: [2025-11-04T13:44:29.354594] Registration attempt for email: user@example.com
Nov 04, 2025 1:44:29 PM com.example.userregistration.UserRegistration initializeUserProfile
INFO: Initialized default profile for user: user@example.com
Nov 04, 2025 1:44:29 PM com.example.userregistration.UserRegistration generateVerificationToken
INFO: Generated verification token for: user@example.com
Nov 04, 2025 1:44:29 PM com.example.userregistration.UserRegistration sendVerificationEmail
INFO: Sending verification email to: user@example.com
Nov 04, 2025 1:44:29 PM com.example.userregistration.UserRegistration sendVerificationEmail
INFO: Subject: Verify Your Account
Nov 04, 2025 1:44:29 PM com.example.userregistration.UserRegistration sendVerificationEmail
INFO: Body: Hello,

Thank you for registering with us!

Please verify your email address by clicking the link below:
https://example.com/verify?token=VERIFY-76A4FEC4-E1BC-4F&email=user@example.com

Or use this verification code: VERIFY-76A4FEC4-E1BC-4F

This link will expire in 24 hours.

If you did not create an account, please ignore this email.

Best regards,
The Team
Nov 04, 2025 1:44:29 PM com.example.userregistration.UserRegistration sendVerificationEmail
INFO: Verification email sent successfully to: user@example.com
Nov 04, 2025 1:44:29 PM com.example.userregistration.UserRegistration logEvent
INFO: [2025-11-04T13:44:29.446341] User registered successfully: user@example.com
Nov 04, 2025 1:44:29 PM com.example.userregistration.UserRegistration logEvent
INFO: [2025-11-04T13:44:29.448069] Account activation attempt for: user@example.com
Nov 04, 2025 1:44:29 PM com.example.userregistration.UserRegistration sendWelcomeEmail
INFO: Sending welcome email to: user@example.com
Nov 04, 2025 1:44:29 PM com.example.userregistration.UserRegistration sendWelcomeEmail
INFO: Subject: Welcome to Our Platform!
Nov 04, 2025 1:44:29 PM com.example.userregistration.UserRegistration sendWelcomeEmail
INFO: Body: Welcome user@example.com!

Your account has been successfully activated.

Your account details:
- Email: user@example.com
- Registration Date: 2025-11-04T13:44:29.369548
- Language: en
- Timezone: UTC
- Email Notifications: Enabled

Thank you for joining us!

Best regards,
The Team
Nov 04, 2025 1:44:29 PM com.example.userregistration.UserRegistration sendWelcomeEmail
INFO: Welcome email sent successfully to: user@example.com
Nov 04, 2025 1:44:29 PM com.example.userregistration.UserRegistration logEvent
INFO: [2025-11-04T13:44:29.502676] Account activated successfully: user@example.com
Nov 04, 2025 1:44:29 PM com.example.userregistration.UserRegistration logEvent
INFO: [2025-11-04T13:44:29.502935] Account activation attempt for: user@example.com
Nov 04, 2025 1:44:29 PM com.example.userregistration.UserRegistration logEvent
INFO: [2025-11-04T13:44:29.503166] Account activation failed: Invalid or expired token
Nov 04, 2025 1:44:29 PM com.example.userregistration.UserRegistration logEvent
INFO: [2025-11-04T13:44:29.503433] Registration attempt for email: user@example.com
Nov 04, 2025 1:44:29 PM com.example.userregistration.UserRegistration logEvent
INFO: [2025-11-04T13:44:29.503681] Registration failed: Email already exists
]]></system-err>
  </testcase>
  <testcase name="testInvalidRegistrationAttempts" classname="com.example.userregistration.UserRegistrationIntegrationTest" time="0.002">
    <system-err><![CDATA[Nov 04, 2025 1:44:29 PM com.example.userregistration.UserRegistration logEvent
INFO: [2025-11-04T13:44:29.506105] Registration attempt for email: invalid-email
Nov 04, 2025 1:44:29 PM com.example.userregistration.UserRegistration logEvent
INFO: [2025-11-04T13:44:29.506370] Registration failed: Invalid email format
Nov 04, 2025 1:44:29 PM com.example.userregistration.UserRegistration logEvent
INFO: [2025-11-04T13:44:29.506576] Registration attempt for email: user@example.com
Nov 04, 2025 1:44:29 PM com.example.userregistration.UserRegistration logEvent
INFO: [2025-11-04T13:44:29.506801] Registration failed: Password does not meet requirements
]]></system-err>
  </testcase>
</testsuite>