<?xml version="1.0" encoding="UTF-8"?>
<testsuite xmlns:xsi="http://www.w3.org/2001/XMLSchema-instance" xsi:noNamespaceSchemaLocation="https://maven.apache.org/surefire/maven-surefire-plugin/xsd/surefire-test-report-3.0.xsd" version="3.0" name="com.example.shoppingcart.ShoppingCartIntegrationTest" time="0.237" tests="1" errors="0" skipped="0" failures="0">
  <properties>
[...]
</properties>
  <testcase name="testCompletePurchaseFlow" classname="com.example.shoppingcart.ShoppingCartIntegrationTest" time="0.228">
    <system-err><![CDATA[Nov 04, 2025 1:29:10 PM com.example.shoppingcart.ShoppingCart addItem
INFO: Added item: Laptop x1
Nov 04, 2025 1:29:10 PM com.example.shoppingcart.ShoppingCart addItem
INFO: Added item: Wireless Mouse x2
Nov 04, 2025 1:29:10 PM com.example.shoppingcart.ShoppingCart addItem
INFO: Added item: USB-C Cable x1
Nov 04, 2025 1:29:10 PM com.example.shoppingcart.ShoppingCart applyDiscount
INFO: Applied discount: SUMMER10
Nov 04, 2025 1:29:10 PM com.example.shoppingcart.ShoppingCart generateOrderId
INFO: Generated order ID: ORD-0E7115D9
Nov 04, 2025 1:29:10 PM com.example.shoppingcart.ShoppingCart processPayment
INFO: Processing payment: CREDIT_CARD for amount: 971.964
Nov 04, 2025 1:29:11 PM com.example.shoppingcart.ShoppingCart processPayment
INFO: Payment processed successfully: TXN-BEE0162A
Nov 04, 2025 1:29:11 PM com.example.shoppingcart.ShoppingCart sendOrderConfirmationEmail
INFO: Sending email to: customer@example.com
Nov 04, 2025 1:29:11 PM com.example.shoppingcart.ShoppingCart sendOrderConfirmationEmail
INFO: Subject: Order Confirmation - ORD-0E7115D9
Nov 04, 2025 1:29:11 PM com.example.shoppingcart.ShoppingCart sendOrderConfirmationEmail
INFO: Body: Thank you for your order!

Order ID: ORD-0E7115D9

Items:
- Laptop x1 - $999.99
- Wireless Mouse x2 - $29.99
- USB-C Cable x1 - $19.99

Subtotal: $1079.96
Discount (SUMMER10): -$108.00
Total: $971.96

Transaction ID: TXN-BEE0162A
Nov 04, 2025 1:29:11 PM com.example.shoppingcart.ShoppingCart sendOrderConfirmationEmail
INFO: Email sent successfully to: customer@example.com
Nov 04, 2025 1:29:11 PM com.example.shoppingcart.ShoppingCart checkout
INFO: Checkout completed for order: ORD-0E7115D9
]]></system-err>
  </testcase>
</testsuite>